[ERROR] 2016-08-17 16:37:44.408 [main] Log4J2PropertiesConf - This is an error message

[DEBUG] 2016-08-17 17:06:20.535 [main] Log4J2PropertiesConf - This is a debug message
[INFO ] 2016-08-17 17:06:20.650 [main] Log4J2PropertiesConf - This is an info message
[WARN ] 2016-08-17 17:06:20.650 [main] Log4J2PropertiesConf - This is a warn message
[ERROR] 2016-08-17 17:06:20.650 [main] Log4J2PropertiesConf - This is an error message
[FATAL] 2016-08-17 17:06:20.651 [main] Log4J2PropertiesConf - This is a fatal message
[INFO ] 2016-08-17 17:33:26.974 [main] MyClass - This is a test
[ERROR] 2016-08-17 17:33:27.059 [main] MyClass - Exception caught
java.lang.UnsupportedOperationException: You shouldn't call that
	at log4j2test.MyClass.unsafeMethod(MyClass.java:42) ~[classes/:?]
	at log4j2test.MyClass.logException(MyClass.java:34) [classes/:?]
	at com.practo.jedi.run.Application.main(Application.java:22) [classes/:?]
[INFO ] 2016-08-17 17:33:27.067 [main] MyClass - This is a test
[INFO ] 2016-08-17 17:35:45.981 [main] MyClass - This is a test
[ERROR] 2016-08-17 17:35:46.023 [main] MyClass - Exception caught
java.lang.UnsupportedOperationException: You shouldn't call that
	at log4j2test.MyClass.unsafeMethod(MyClass.java:42) ~[classes/:?]
	at log4j2test.MyClass.logException(MyClass.java:34) [classes/:?]
	at com.practo.jedi.run.Application.main(Application.java:22) [classes/:?]
[INFO ] 2016-08-17 17:35:46.032 [main] MyClass - This is a test
[INFO ] 2016-08-17 18:24:08.523 [main] MyClass - This is a test
[ERROR] 2016-08-17 18:24:08.599 [main] MyClass - Exception caught
java.lang.UnsupportedOperationException: You shouldn't call that
	at log4j2test.MyClass.unsafeMethod(MyClass.java:42) ~[classes/:?]
	at log4j2test.MyClass.logException(MyClass.java:34) [classes/:?]
	at com.practo.jedi.run.Application.main(Application.java:22) [classes/:?]
[INFO ] 2016-08-17 18:24:08.607 [main] MyClass - This is a test
[INFO ] 2016-08-18 09:58:12.664 [main] MyClass - This is a test
[ERROR] 2016-08-18 09:58:12.734 [main] MyClass - Exception caught
java.lang.UnsupportedOperationException: You shouldn't call that
	at log4j2test.MyClass.unsafeMethod(MyClass.java:42) ~[classes/:?]
	at log4j2test.MyClass.logException(MyClass.java:34) [classes/:?]
	at com.practo.jedi.run.Application.main(Application.java:22) [classes/:?]
[INFO ] 2016-08-18 09:58:12.812 [main] MyClass - This is a test
[INFO ] 2016-08-18 10:00:38.461 [main] MyClass - This is a test
[ERROR] 2016-08-18 10:00:38.496 [main] MyClass - Exception caught
java.lang.UnsupportedOperationException: You shouldn't call that
	at log4j2test.MyClass.unsafeMethod(MyClass.java:42) ~[classes/:?]
	at log4j2test.MyClass.logException(MyClass.java:34) [classes/:?]
	at com.practo.jedi.run.Application.main(Application.java:22) [classes/:?]
[INFO ] 2016-08-18 10:00:38.505 [main] MyClass - This is a test
